  [1m[35m (1.6ms)[0m  [1m[34mSELECT "schema_migrations"."version" FROM "schema_migrations" ORDER BY "schema_migrations"."version" ASC[0m
  ↳ bin/rails:9
  [1m[35m (2.4ms)[0m  [1m[34mSELECT "ar_internal_metadata"."value" FROM "ar_internal_metadata" WHERE "ar_internal_metadata"."key" = $1[0m  [["key", "environment"]]
  ↳ bin/rails:9
  [1m[35m (0.2ms)[0m  [1m[34mSELECT "schema_migrations"."version" FROM "schema_migrations" ORDER BY "schema_migrations"."version" ASC[0m
  ↳ bin/rails:9
  [1m[35m (0.2ms)[0m  [1m[34mSELECT "ar_internal_metadata"."value" FROM "ar_internal_metadata" WHERE "ar_internal_metadata"."key" = $1[0m  [["key", "environment"]]
  ↳ bin/rails:9
  [1m[35m (0.2ms)[0m  [1m[34mSELECT "schema_migrations"."version" FROM "schema_migrations" ORDER BY "schema_migrations"."version" ASC[0m
  ↳ bin/rails:9
  [1m[35m (0.1ms)[0m  [1m[34mSELECT "ar_internal_metadata"."value" FROM "ar_internal_metadata" WHERE "ar_internal_metadata"."key" = $1[0m  [["key", "environment"]]
  ↳ bin/rails:9
  [1m[35m (49.9ms)[0m  [1m[35mDROP DATABASE IF EXISTS "Reposti_development"[0m
  ↳ bin/rails:9
  [1m[35m (38.2ms)[0m  [1m[35mDROP DATABASE IF EXISTS "Reposti_test"[0m
  ↳ bin/rails:9
  [1m[35m (151.9ms)[0m  [1m[35mCREATE DATABASE "Reposti_development" ENCODING = 'unicode'[0m
  ↳ bin/rails:9
  [1m[35m (59.5ms)[0m  [1m[35mCREATE DATABASE "Reposti_test" ENCODING = 'unicode'[0m
  ↳ bin/rails:9
Started GET "/" for ::1 at 2020-02-28 10:55:31 -0800

ArgumentError - 'StaticPages' is not a supported controller name. This can lead to potential routing problems. See http://guides.rubyonrails.org/routing.html#specifying-a-controller-to-use:
  config/routes.rb:3:in `block in <main>'
  config/routes.rb:1:in `<main>'

Started POST "/__better_errors/72ec99e311a5ecd6/variables" for ::1 at 2020-02-28 10:55:32 -0800
Started GET "/" for ::1 at 2020-02-28 10:55:49 -0800
Processing by StaticPagesController#root as HTML
  Rendering static_pages/root.html.erb within layouts/application
  Rendered static_pages/root.html.erb within layouts/application (1.5ms)
Completed 200 OK in 930ms (Views: 928.2ms | ActiveRecord: 0.0ms)


Started GET "/" for ::1 at 2020-02-28 10:57:47 -0800
Processing by StaticPagesController#root as HTML
  Rendering static_pages/root.html.erb within layouts/application
  Rendered static_pages/root.html.erb within layouts/application (0.7ms)
Completed 200 OK in 266ms (Views: 264.6ms | ActiveRecord: 0.0ms)


Started GET "/" for ::1 at 2020-02-28 11:03:22 -0800

ActiveRecord::PendingMigrationError - Migrations are pending. To resolve this issue, run:

        bin/rails db:migrate RAILS_ENV=development

:

Started POST "/__better_errors/43d7d904b01da7af/variables" for ::1 at 2020-02-28 11:03:23 -0800
  [1m[35m (22.4ms)[0m  [1m[35mCREATE TABLE "schema_migrations" ("version" character varying NOT NULL PRIMARY KEY)[0m
  ↳ bin/rails:9
  [1m[35m (3.2ms)[0m  [1m[35mCREATE TABLE "ar_internal_metadata" ("key" character varying NOT NULL PRIMARY KEY, "value" character varying, "created_at" timestamp NOT NULL, "updated_at" timestamp NOT NULL)[0m
  ↳ bin/rails:9
  [1m[35m (0.3ms)[0m  [1m[34mSELECT pg_try_advisory_lock(5818329731497069815)[0m
  ↳ bin/rails:9
  [1m[35m (0.5ms)[0m  [1m[34mSELECT "schema_migrations"."version" FROM "schema_migrations" ORDER BY "schema_migrations"."version" ASC[0m
  ↳ bin/rails:9
Migrating to CreateUsers (20200228185859)
  [1m[35m (0.1ms)[0m  [1m[35mBEGIN[0m
  ↳ bin/rails:9
  [1m[35m (5.6ms)[0m  [1m[35mCREATE TABLE "users" ("id" bigserial primary key, "username" character varying, "email" character varying, "password_digest" character varying, "session_token" character varying, "created_at" timestamp NOT NULL, "updated_at" timestamp NOT NULL)[0m
  ↳ db/migrate/20200228185859_create_users.rb:3
  [1m[35m (1.8ms)[0m  [1m[35mCREATE  INDEX  "index_users_on_username" ON "users"  ("username")[0m
  ↳ db/migrate/20200228185859_create_users.rb:12
  [1m[35m (0.8ms)[0m  [1m[35mCREATE  INDEX  "index_users_on_session_token" ON "users"  ("session_token")[0m
  ↳ db/migrate/20200228185859_create_users.rb:13
  [1m[36mActiveRecord::SchemaMigration Create (0.4ms)[0m  [1m[32mINSERT INTO "schema_migrations" ("version") VALUES ($1) RETURNING "version"[0m  [["version", "20200228185859"]]
  ↳ bin/rails:9
  [1m[35m (0.3ms)[0m  [1m[35mCOMMIT[0m
  ↳ bin/rails:9
  [1m[36mActiveRecord::InternalMetadata Load (0.3ms)[0m  [1m[34mSELECT  "ar_internal_metadata".* FROM "ar_internal_metadata" WHERE "ar_internal_metadata"."key" = $1 LIMIT $2[0m  [["key", "environment"], ["LIMIT", 1]]
  ↳ bin/rails:9
  [1m[35m (0.1ms)[0m  [1m[35mBEGIN[0m
  ↳ bin/rails:9
  [1m[36mActiveRecord::InternalMetadata Create (0.4ms)[0m  [1m[32mINSERT INTO "ar_internal_metadata" ("key", "value", "created_at", "updated_at") VALUES ($1, $2, $3, $4) RETURNING "key"[0m  [["key", "environment"], ["value", "development"], ["created_at", "2020-02-28 19:04:13.061811"], ["updated_at", "2020-02-28 19:04:13.061811"]]
  ↳ bin/rails:9
  [1m[35m (0.3ms)[0m  [1m[35mCOMMIT[0m
  ↳ bin/rails:9
  [1m[35m (0.2ms)[0m  [1m[34mSELECT pg_advisory_unlock(5818329731497069815)[0m
  ↳ bin/rails:9
  [1m[35m (0.2ms)[0m  [1m[34mSELECT "schema_migrations"."version" FROM "schema_migrations" ORDER BY "schema_migrations"."version" ASC[0m
  ↳ bin/rails:9
Started GET "/" for ::1 at 2020-02-28 11:04:16 -0800
  [1m[35m (0.8ms)[0m  [1m[34mSELECT "schema_migrations"."version" FROM "schema_migrations" ORDER BY "schema_migrations"."version" ASC[0m
  ↳ /Library/Ruby/Gems/2.6.0/gems/activerecord-5.2.4.1/lib/active_record/log_subscriber.rb:98
Processing by StaticPagesController#root as HTML
  Rendering static_pages/root.html.erb within layouts/application
  Rendered static_pages/root.html.erb within layouts/application (0.2ms)
Completed 200 OK in 191ms (Views: 190.6ms | ActiveRecord: 0.0ms)


Started GET "/" for ::1 at 2020-02-28 11:04:19 -0800
Processing by StaticPagesController#root as HTML
  Rendering static_pages/root.html.erb within layouts/application
  Rendered static_pages/root.html.erb within layouts/application (0.2ms)
Completed 200 OK in 17ms (Views: 16.0ms | ActiveRecord: 0.0ms)


Started POST "/api/user?user[username]=test1&user[password]=[FILTERED]&user[email]=test1" for ::1 at 2020-02-28 11:05:08 -0800
  
ActionController::RoutingError (No route matches [POST] "/api/user"):
  
actionpack (5.2.4.1) lib/action_dispatch/middleware/debug_exceptions.rb:65:in `call'
web-console (3.7.0) lib/web_console/middleware.rb:135:in `call_app'
web-console (3.7.0) lib/web_console/middleware.rb:30:in `block in call'
web-console (3.7.0) lib/web_console/middleware.rb:20:in `catch'
web-console (3.7.0) lib/web_console/middleware.rb:20:in `call'
actionpack (5.2.4.1) lib/action_dispatch/middleware/show_exceptions.rb:33:in `call'
railties (5.2.4.1) lib/rails/rack/logger.rb:38:in `call_app'
railties (5.2.4.1) lib/rails/rack/logger.rb:26:in `block in call'
activesupport (5.2.4.1) lib/active_support/tagged_logging.rb:71:in `block in tagged'
activesupport (5.2.4.1) lib/active_support/tagged_logging.rb:28:in `tagged'
activesupport (5.2.4.1) lib/active_support/tagged_logging.rb:71:in `tagged'
railties (5.2.4.1) lib/rails/rack/logger.rb:26:in `call'
sprockets-rails (3.2.1) lib/sprockets/rails/quiet_assets.rb:13:in `call'
actionpack (5.2.4.1) lib/action_dispatch/middleware/remote_ip.rb:81:in `call'
actionpack (5.2.4.1) lib/action_dispatch/middleware/request_id.rb:27:in `call'
rack (2.2.2) lib/rack/method_override.rb:24:in `call'
rack (2.2.2) lib/rack/runtime.rb:22:in `call'
activesupport (5.2.4.1) lib/active_support/cache/strategy/local_cache_middleware.rb:29:in `call'
actionpack (5.2.4.1) lib/action_dispatch/middleware/executor.rb:14:in `call'
actionpack (5.2.4.1) lib/action_dispatch/middleware/static.rb:127:in `call'
rack (2.2.2) lib/rack/sendfile.rb:110:in `call'
railties (5.2.4.1) lib/rails/engine.rb:524:in `call'
puma (3.12.3) lib/puma/configuration.rb:227:in `call'
puma (3.12.3) lib/puma/server.rb:674:in `handle_request'
puma (3.12.3) lib/puma/server.rb:476:in `process_client'
puma (3.12.3) lib/puma/server.rb:334:in `block in run'
puma (3.12.3) lib/puma/thread_pool.rb:135:in `block in spawn_thread'
Started POST "/api/users?user[username]=test1&user[password]=[FILTERED]&user[email]=test1" for ::1 at 2020-02-28 11:05:26 -0800
Processing by Api::UsersController#create as JSON
  Parameters: {"user"=>{"username"=>"test1", "password"=>"[FILTERED]", "email"=>"test1"}}
  [1m[35m (0.1ms)[0m  [1m[35mBEGIN[0m
  ↳ app/controllers/api/users_controller.rb:5
  [1m[36mUser Exists (0.6ms)[0m  [1m[34mSELECT  1 AS one FROM "users" WHERE "users"."username" = $1 LIMIT $2[0m  [["username", "test1"], ["LIMIT", 1]]
  ↳ app/controllers/api/users_controller.rb:5
  [1m[36mUser Exists (0.2ms)[0m  [1m[34mSELECT  1 AS one FROM "users" WHERE "users"."email" = $1 LIMIT $2[0m  [["email", "test1"], ["LIMIT", 1]]
  ↳ app/controllers/api/users_controller.rb:5
  [1m[36mUser Exists (0.2ms)[0m  [1m[34mSELECT  1 AS one FROM "users" WHERE "users"."session_token" = $1 LIMIT $2[0m  [["session_token", "l_4ch_snYVhnuGk3pIG8xA"], ["LIMIT", 1]]
  ↳ app/controllers/api/users_controller.rb:5
  [1m[36mUser Create (0.5ms)[0m  [1m[32mINSERT INTO "users" ("username", "email", "password_digest", "session_token", "created_at", "updated_at") VALUES ($1, $2, $3, $4, $5, $6) RETURNING "id"[0m  [["username", "test1"], ["email", "test1"], ["password_digest", "$2a$12$xB6hF6dFLPqknVs9vqEdX.2AdyamqpeIh6ESjAuxNUbn9TkHJMLcC"], ["session_token", "l_4ch_snYVhnuGk3pIG8xA"], ["created_at", "2020-02-28 19:05:27.195411"], ["updated_at", "2020-02-28 19:05:27.195411"]]
  ↳ app/controllers/api/users_controller.rb:5
  [1m[35m (0.3ms)[0m  [1m[35mCOMMIT[0m
  ↳ app/controllers/api/users_controller.rb:5
  [1m[35m (0.1ms)[0m  [1m[35mBEGIN[0m
  ↳ app/models/user.rb:37
  [1m[36mUser Exists (0.5ms)[0m  [1m[34mSELECT  1 AS one FROM "users" WHERE "users"."username" = $1 AND "users"."id" != $2 LIMIT $3[0m  [["username", "test1"], ["id", 1], ["LIMIT", 1]]
  ↳ app/models/user.rb:37
  [1m[36mUser Exists (0.3ms)[0m  [1m[34mSELECT  1 AS one FROM "users" WHERE "users"."email" = $1 AND "users"."id" != $2 LIMIT $3[0m  [["email", "test1"], ["id", 1], ["LIMIT", 1]]
  ↳ app/models/user.rb:37
  [1m[36mUser Exists (0.2ms)[0m  [1m[34mSELECT  1 AS one FROM "users" WHERE "users"."session_token" = $1 AND "users"."id" != $2 LIMIT $3[0m  [["session_token", "KKjeCEjdve9asZR_6UP2og"], ["id", 1], ["LIMIT", 1]]
  ↳ app/models/user.rb:37
  [1m[36mUser Update (0.3ms)[0m  [1m[33mUPDATE "users" SET "session_token" = $1, "updated_at" = $2 WHERE "users"."id" = $3[0m  [["session_token", "KKjeCEjdve9asZR_6UP2og"], ["updated_at", "2020-02-28 19:05:27.207135"], ["id", 1]]
  ↳ app/models/user.rb:37
  [1m[35m (0.2ms)[0m  [1m[35mCOMMIT[0m
  ↳ app/models/user.rb:37
  Rendering api/users/show.json.jbuilder
  Rendered api/users/_user.json.jbuilder (0.2ms)
  Rendered api/users/show.json.jbuilder (0.9ms)
Completed 200 OK in 229ms (Views: 2.7ms | ActiveRecord: 9.5ms)


Started POST "/api/session?user[username]=test1&user[password]=[FILTERED]" for ::1 at 2020-02-28 11:05:43 -0800
Processing by Api::SessionsController#create as JSON
  Parameters: {"user"=>{"username"=>"test1", "password"=>"[FILTERED]"}}
  [1m[36mUser Load (0.3ms)[0m  [1m[34mSELECT  "users".* FROM "users" WHERE "users"."username" = $1 LIMIT $2[0m  [["username", "test1"], ["LIMIT", 1]]
  ↳ app/models/user.rb:23
  [1m[35m (0.1ms)[0m  [1m[35mBEGIN[0m
  ↳ app/models/user.rb:37
  [1m[36mUser Exists (0.3ms)[0m  [1m[34mSELECT  1 AS one FROM "users" WHERE "users"."username" = $1 AND "users"."id" != $2 LIMIT $3[0m  [["username", "test1"], ["id", 1], ["LIMIT", 1]]
  ↳ app/models/user.rb:37
  [1m[36mUser Exists (0.2ms)[0m  [1m[34mSELECT  1 AS one FROM "users" WHERE "users"."email" = $1 AND "users"."id" != $2 LIMIT $3[0m  [["email", "test1"], ["id", 1], ["LIMIT", 1]]
  ↳ app/models/user.rb:37
  [1m[36mUser Exists (0.2ms)[0m  [1m[34mSELECT  1 AS one FROM "users" WHERE "users"."session_token" = $1 AND "users"."id" != $2 LIMIT $3[0m  [["session_token", "LUzUiSPIMYVcMxoCCnmdsA"], ["id", 1], ["LIMIT", 1]]
  ↳ app/models/user.rb:37
  [1m[36mUser Update (0.3ms)[0m  [1m[33mUPDATE "users" SET "session_token" = $1, "updated_at" = $2 WHERE "users"."id" = $3[0m  [["session_token", "LUzUiSPIMYVcMxoCCnmdsA"], ["updated_at", "2020-02-28 19:05:43.601967"], ["id", 1]]
  ↳ app/models/user.rb:37
  [1m[35m (0.5ms)[0m  [1m[35mCOMMIT[0m
  ↳ app/models/user.rb:37
  Rendering api/users/show.json.jbuilder
  Rendered api/users/_user.json.jbuilder (0.2ms)
  Rendered api/users/show.json.jbuilder (0.8ms)
Completed 200 OK in 204ms (Views: 2.1ms | ActiveRecord: 2.0ms)


Started DELETE "/api/session" for ::1 at 2020-02-28 11:06:00 -0800
Processing by Api::SessionsController#destroy as JSON
  [1m[36mUser Load (0.2ms)[0m  [1m[34mSELECT  "users".* FROM "users" WHERE "users"."session_token" = $1 LIMIT $2[0m  [["session_token", "LUzUiSPIMYVcMxoCCnmdsA"], ["LIMIT", 1]]
  ↳ app/controllers/application_controller.rb:7
  Rendering api/users/show.json.jbuilder
  Rendered api/users/_user.json.jbuilder (0.2ms)
  Rendered api/users/show.json.jbuilder (0.9ms)
Completed 200 OK in 4ms (Views: 2.2ms | ActiveRecord: 0.2ms)


Started GET "/" for ::1 at 2020-02-28 11:15:00 -0800
  [1m[35m (0.7ms)[0m  [1m[34mSELECT "schema_migrations"."version" FROM "schema_migrations" ORDER BY "schema_migrations"."version" ASC[0m
  ↳ /Library/Ruby/Gems/2.6.0/gems/activerecord-5.2.4.1/lib/active_record/log_subscriber.rb:98
Processing by StaticPagesController#root as HTML
  Rendering static_pages/root.html.erb within layouts/application
  Rendered static_pages/root.html.erb within layouts/application (0.5ms)
Completed 200 OK in 1147ms (Views: 1145.3ms | ActiveRecord: 0.0ms)


Started GET "/" for ::1 at 2020-02-28 11:19:12 -0800
Processing by StaticPagesController#root as HTML
  Rendering static_pages/root.html.erb within layouts/application
  Rendered static_pages/root.html.erb within layouts/application (0.4ms)
Completed 200 OK in 287ms (Views: 285.9ms | ActiveRecord: 0.0ms)


Started GET "/" for ::1 at 2020-02-28 12:05:34 -0800
Processing by StaticPagesController#root as HTML
  Rendering static_pages/root.html.erb within layouts/application
  Rendered static_pages/root.html.erb within layouts/application (0.2ms)
Completed 200 OK in 336ms (Views: 335.1ms | ActiveRecord: 0.0ms)


Started GET "/" for ::1 at 2020-02-28 12:06:17 -0800
Processing by StaticPagesController#root as HTML
  Rendering static_pages/root.html.erb within layouts/application
  Rendered static_pages/root.html.erb within layouts/application (0.2ms)
Completed 200 OK in 294ms (Views: 293.4ms | ActiveRecord: 0.0ms)


Started GET "/" for ::1 at 2020-02-28 12:07:56 -0800
Processing by StaticPagesController#root as HTML
  Rendering static_pages/root.html.erb within layouts/application
  Rendered static_pages/root.html.erb within layouts/application (0.5ms)
Completed 200 OK in 19ms (Views: 18.3ms | ActiveRecord: 0.0ms)


Started POST "/api/session" for ::1 at 2020-02-28 12:08:04 -0800
Processing by Api::SessionsController#create as JSON
  Parameters: {"user"=>{"username"=>"test1", "email"=>"", "password"=>"[FILTERED]"}}
Unpermitted parameter: :email
  [1m[36mUser Load (0.7ms)[0m  [1m[34mSELECT  "users".* FROM "users" WHERE "users"."username" = $1 LIMIT $2[0m  [["username", "test1"], ["LIMIT", 1]]
  ↳ app/models/user.rb:23
  [1m[35m (0.1ms)[0m  [1m[35mBEGIN[0m
  ↳ app/models/user.rb:37
  [1m[36mUser Exists (0.3ms)[0m  [1m[34mSELECT  1 AS one FROM "users" WHERE "users"."username" = $1 AND "users"."id" != $2 LIMIT $3[0m  [["username", "test1"], ["id", 1], ["LIMIT", 1]]
  ↳ app/models/user.rb:37
  [1m[36mUser Exists (0.3ms)[0m  [1m[34mSELECT  1 AS one FROM "users" WHERE "users"."email" = $1 AND "users"."id" != $2 LIMIT $3[0m  [["email", "test1"], ["id", 1], ["LIMIT", 1]]
  ↳ app/models/user.rb:37
  [1m[36mUser Exists (0.2ms)[0m  [1m[34mSELECT  1 AS one FROM "users" WHERE "users"."session_token" = $1 AND "users"."id" != $2 LIMIT $3[0m  [["session_token", "3OGJlFZUeJS6sYMme7nsCg"], ["id", 1], ["LIMIT", 1]]
  ↳ app/models/user.rb:37
  [1m[36mUser Update (0.4ms)[0m  [1m[33mUPDATE "users" SET "session_token" = $1, "updated_at" = $2 WHERE "users"."id" = $3[0m  [["session_token", "3OGJlFZUeJS6sYMme7nsCg"], ["updated_at", "2020-02-28 20:08:05.072376"], ["id", 1]]
  ↳ app/models/user.rb:37
  [1m[35m (2.5ms)[0m  [1m[35mCOMMIT[0m
  ↳ app/models/user.rb:37
  Rendering api/users/show.json.jbuilder
  Rendered api/users/_user.json.jbuilder (0.2ms)
  Rendered api/users/show.json.jbuilder (0.8ms)
Completed 200 OK in 223ms (Views: 2.1ms | ActiveRecord: 12.8ms)


Started DELETE "/api/session" for ::1 at 2020-02-28 12:08:08 -0800
Processing by Api::SessionsController#destroy as JSON
  [1m[36mUser Load (0.3ms)[0m  [1m[34mSELECT  "users".* FROM "users" WHERE "users"."session_token" = $1 LIMIT $2[0m  [["session_token", "3OGJlFZUeJS6sYMme7nsCg"], ["LIMIT", 1]]
  ↳ app/controllers/application_controller.rb:7
  Rendering api/users/show.json.jbuilder
  Rendered api/users/_user.json.jbuilder (0.2ms)
  Rendered api/users/show.json.jbuilder (1.0ms)
Completed 200 OK in 4ms (Views: 2.4ms | ActiveRecord: 0.3ms)


Started GET "/" for ::1 at 2020-02-28 13:56:17 -0800
Processing by StaticPagesController#root as HTML
  Rendering static_pages/root.html.erb within layouts/application
  Rendered static_pages/root.html.erb within layouts/application (0.7ms)
Completed 200 OK in 303ms (Views: 302.0ms | ActiveRecord: 0.0ms)


Started POST "/api/session" for ::1 at 2020-02-28 13:56:27 -0800
Processing by Api::SessionsController#create as JSON
  Parameters: {"user"=>{"username"=>"test1", "email"=>"", "password"=>"[FILTERED]"}}
Unpermitted parameter: :email
  [1m[36mUser Load (0.8ms)[0m  [1m[34mSELECT  "users".* FROM "users" WHERE "users"."username" = $1 LIMIT $2[0m  [["username", "test1"], ["LIMIT", 1]]
  ↳ app/models/user.rb:23
  [1m[35m (0.1ms)[0m  [1m[35mBEGIN[0m
  ↳ app/models/user.rb:37
  [1m[36mUser Exists (0.4ms)[0m  [1m[34mSELECT  1 AS one FROM "users" WHERE "users"."username" = $1 AND "users"."id" != $2 LIMIT $3[0m  [["username", "test1"], ["id", 1], ["LIMIT", 1]]
  ↳ app/models/user.rb:37
  [1m[36mUser Exists (0.3ms)[0m  [1m[34mSELECT  1 AS one FROM "users" WHERE "users"."email" = $1 AND "users"."id" != $2 LIMIT $3[0m  [["email", "test1"], ["id", 1], ["LIMIT", 1]]
  ↳ app/models/user.rb:37
  [1m[36mUser Exists (0.3ms)[0m  [1m[34mSELECT  1 AS one FROM "users" WHERE "users"."session_token" = $1 AND "users"."id" != $2 LIMIT $3[0m  [["session_token", "syWh8r7S8gJ7zsWo5aFgqQ"], ["id", 1], ["LIMIT", 1]]
  ↳ app/models/user.rb:37
  [1m[36mUser Update (0.4ms)[0m  [1m[33mUPDATE "users" SET "session_token" = $1, "updated_at" = $2 WHERE "users"."id" = $3[0m  [["session_token", "syWh8r7S8gJ7zsWo5aFgqQ"], ["updated_at", "2020-02-28 21:56:27.217066"], ["id", 1]]
  ↳ app/models/user.rb:37
  [1m[35m (1.8ms)[0m  [1m[35mCOMMIT[0m
  ↳ app/models/user.rb:37
  Rendering api/users/show.json.jbuilder
  Rendered api/users/_user.json.jbuilder (0.3ms)
  Rendered api/users/show.json.jbuilder (1.3ms)
Completed 200 OK in 219ms (Views: 3.5ms | ActiveRecord: 4.3ms)


Started DELETE "/api/session" for ::1 at 2020-02-28 13:57:17 -0800
Processing by Api::SessionsController#destroy as JSON
  [1m[36mUser Load (0.4ms)[0m  [1m[34mSELECT  "users".* FROM "users" WHERE "users"."session_token" = $1 LIMIT $2[0m  [["session_token", "syWh8r7S8gJ7zsWo5aFgqQ"], ["LIMIT", 1]]
  ↳ app/controllers/application_controller.rb:7
  Rendering api/users/show.json.jbuilder
  Rendered api/users/_user.json.jbuilder (0.2ms)
  Rendered api/users/show.json.jbuilder (1.3ms)
Completed 200 OK in 5ms (Views: 3.1ms | ActiveRecord: 0.4ms)


Started GET "/" for ::1 at 2020-02-28 14:03:43 -0800
Processing by StaticPagesController#root as HTML
  Rendering static_pages/root.html.erb within layouts/application
  Rendered static_pages/root.html.erb within layouts/application (0.5ms)
Completed 200 OK in 275ms (Views: 273.9ms | ActiveRecord: 0.0ms)


Started GET "/" for ::1 at 2020-02-28 14:03:53 -0800
Processing by StaticPagesController#root as HTML
  Rendering static_pages/root.html.erb within layouts/application
  Rendered static_pages/root.html.erb within layouts/application (0.7ms)
Completed 200 OK in 17ms (Views: 16.7ms | ActiveRecord: 0.0ms)


